<?xml version="1.0" encoding="UTF-8"?>
<!-- Generated by org.testng.reporters.JUnitReportReporter -->
<testsuite hostname="LAPTOP-7K4GQ1PB" failures="0" tests="2" name="E2E.framework.Login" time="11.520" errors="0" timestamp="2021-10-12T01:53:52 IST" skipped="0">
  <testcase classname="E2E.framework.Login" name="test1" time="7.138"/>
  <system-out/>
  <testcase classname="E2E.framework.Login" name="test1" time="4.382"/>
  <system-out/>
</testsuite> <!-- E2E.framework.Login -->
